[    58.064] (WW) Failed to open protocol names file lib/xorg/protocol.txt
[    58.065] 
X.Org X Server 1.20.9
X Protocol Version 11, Revision 0
[    58.065] Build Operating System: Linux Arch Linux
[    58.065] Current Operating System: Linux arch-fouad 5.9.10-arch1-1 #1 SMP PREEMPT Sun, 22 Nov 2020 14:16:59 +0000 x86_64
[    58.065] Kernel command line: BOOT_IMAGE=/boot/vmlinuz-linux root=UUID=93413105-7c0f-4423-9de0-acac359e11b4 rw loglevel=3 quiet
[    58.066] Build Date: 19 November 2020  11:42:45AM
[    58.066]  
[    58.066] Current version of pixman: 0.40.0
[    58.066] 	Before reporting problems, check http://wiki.x.org
	to make sure that you have the latest version.
[    58.066] Markers: (--) probed, (**) from config file, (==) default setting,
	(++) from command line, (!!) notice, (II) informational,
	(WW) warning, (EE) error, (NI) not implemented, (??) unknown.
[    58.067] (==) Log file: "/home/fouad/.local/share/xorg/Xorg.0.log", Time: Wed Nov 25 04:40:23 2020
[    58.122] (==) Using config directory: "/etc/X11/xorg.conf.d"
[    58.122] (==) Using system config directory "/usr/share/X11/xorg.conf.d"
[    58.181] (==) No Layout section.  Using the first Screen section.
[    58.182] (==) No screen section available. Using defaults.
[    58.182] (**) |-->Screen "Default Screen Section" (0)
[    58.182] (**) |   |-->Monitor "<default monitor>"
[    58.182] (==) No monitor specified for screen "Default Screen Section".
	Using a default monitor configuration.
[    58.182] (==) Automatically adding devices
[    58.182] (==) Automatically enabling devices
[    58.182] (==) Automatically adding GPU devices
[    58.182] (==) Automatically binding GPU devices
[    58.182] (==) Max clients allowed: 256, resource mask: 0x1fffff
[    58.212] (WW) The directory "/usr/share/fonts/misc" does not exist.
[    58.212] 	Entry deleted from font path.
[    58.220] (WW) The directory "/usr/share/fonts/OTF" does not exist.
[    58.220] 	Entry deleted from font path.
[    58.220] (WW) The directory "/usr/share/fonts/Type1" does not exist.
[    58.220] 	Entry deleted from font path.
[    58.261] (==) FontPath set to:
	/usr/share/fonts/TTF,
	/usr/share/fonts/100dpi,
	/usr/share/fonts/75dpi
[    58.261] (==) ModulePath set to "/usr/lib/xorg/modules"
[    58.261] (II) The server relies on udev to provide the list of input devices.
	If no devices become available, reconfigure udev or disable AutoAddDevices.
[    58.261] (II) Module ABI versions:
[    58.261] 	X.Org ANSI C Emulation: 0.4
[    58.261] 	X.Org Video Driver: 24.1
[    58.261] 	X.Org XInput driver : 24.1
[    58.261] 	X.Org Server Extension : 10.0
[    58.262] (++) using VT number 1

[    58.267] (II) systemd-logind: took control of session /org/freedesktop/login1/session/_31
[    58.269] (II) xfree86: Adding drm device (/dev/dri/card0)
[    58.271] (II) systemd-logind: got fd for /dev/dri/card0 226:0 fd 10 paused 0
[    58.277] (--) PCI:*(0@0:2:0) 8086:0a16:17aa:3978 rev 9, Mem @ 0x92000000/4194304, 0x80000000/268435456, I/O @ 0x00005000/64, BIOS @ 0x????????/131072
[    58.277] (WW) Open ACPI failed (/var/run/acpid.socket) (No such file or directory)
[    58.277] (II) LoadModule: "glx"
[    58.311] (II) Loading /usr/lib/xorg/modules/extensions/libglx.so
[    58.403] (II) Module glx: vendor="X.Org Foundation"
[    58.403] 	compiled for 1.20.9, module version = 1.0.0
[    58.403] 	ABI class: X.Org Server Extension, version 10.0
[    58.403] (==) Matched intel as autoconfigured driver 0
[    58.403] (==) Matched modesetting as autoconfigured driver 1
[    58.403] (==) Matched fbdev as autoconfigured driver 2
[    58.403] (==) Matched vesa as autoconfigured driver 3
[    58.403] (==) Assigned the driver to the xf86ConfigLayout
[    58.403] (II) LoadModule: "intel"
[    58.403] (II) Loading /usr/lib/xorg/modules/drivers/intel_drv.so
[    58.461] (II) Module intel: vendor="X.Org Foundation"
[    58.461] 	compiled for 1.20.9, module version = 2.99.917
[    58.461] 	Module class: X.Org Video Driver
[    58.461] 	ABI class: X.Org Video Driver, version 24.1
[    58.461] (II) LoadModule: "modesetting"
[    58.461] (II) Loading /usr/lib/xorg/modules/drivers/modesetting_drv.so
[    58.498] (II) Module modesetting: vendor="X.Org Foundation"
[    58.498] 	compiled for 1.20.9, module version = 1.20.9
[    58.498] 	Module class: X.Org Video Driver
[    58.498] 	ABI class: X.Org Video Driver, version 24.1
[    58.498] (II) LoadModule: "fbdev"
[    58.498] (WW) Warning, couldn't open module fbdev
[    58.498] (EE) Failed to load module "fbdev" (module does not exist, 0)
[    58.498] (II) LoadModule: "vesa"
[    58.498] (II) Loading /usr/lib/xorg/modules/drivers/vesa_drv.so
[    58.517] (II) Module vesa: vendor="X.Org Foundation"
[    58.517] 	compiled for 1.20.9, module version = 2.5.0
[    58.517] 	Module class: X.Org Video Driver
[    58.517] 	ABI class: X.Org Video Driver, version 24.1
[    58.517] (II) intel: Driver for Intel(R) Integrated Graphics Chipsets:
	i810, i810-dc100, i810e, i815, i830M, 845G, 854, 852GM/855GM, 865G,
	915G, E7221 (i915), 915GM, 945G, 945GM, 945GME, Pineview GM,
	Pineview G, 965G, G35, 965Q, 946GZ, 965GM, 965GME/GLE, G33, Q35, Q33,
	GM45, 4 Series, G45/G43, Q45/Q43, G41, B43
[    58.517] (II) intel: Driver for Intel(R) HD Graphics
[    58.517] (II) intel: Driver for Intel(R) Iris(TM) Graphics
[    58.518] (II) intel: Driver for Intel(R) Iris(TM) Pro Graphics
[    58.518] (II) modesetting: Driver for Modesetting Kernel Drivers: kms
[    58.518] (II) VESA: driver for VESA chipsets: vesa
[    58.518] xf86EnableIOPorts: failed to set IOPL for I/O (Operation not permitted)
[    58.526] (II) intel(0): Using Kernel Mode Setting driver: i915, version 1.6.0 20200715
[    58.526] (II) intel(0): SNA compiled from 2.99.917-912-gad5540f6
[    58.545] (WW) Falling back to old probe method for modesetting
[    58.545] (WW) VGA arbiter: cannot open kernel arbiter, no multi-card support
[    58.545] (--) intel(0): Integrated Graphics Chipset: Intel(R) HD Graphics 4400
[    58.546] (--) intel(0): CPU: x86-64, sse2, sse3, ssse3, sse4.1, sse4.2, avx, avx2; using a maximum of 2 threads
[    58.546] (II) intel(0): Creating default Display subsection in Screen section
	"Default Screen Section" for depth/fbbpp 24/32
[    58.546] (==) intel(0): Depth 24, (--) framebuffer bpp 32
[    58.546] (==) intel(0): RGB weight 888
[    58.546] (==) intel(0): Default visual is TrueColor
[    58.563] (II) intel(0): Output eDP1 has no monitor section
[    58.564] (**) intel(0): Found backlight control interface intel_backlight (type 'raw') for output eDP1
[    58.564] (II) intel(0): Enabled output eDP1
[    58.564] (II) intel(0): Output DP1 has no monitor section
[    58.565] (II) intel(0): Enabled output DP1
[    58.565] (II) intel(0): Output HDMI1 has no monitor section
[    58.565] (II) intel(0): Enabled output HDMI1
[    58.565] (--) intel(0): Using a maximum size of 256x256 for hardware cursors
[    58.565] (II) intel(0): Output VIRTUAL1 has no monitor section
[    58.565] (II) intel(0): Enabled output VIRTUAL1
[    58.565] (--) intel(0): Output eDP1 using initial mode 1366x768 on pipe 0
[    58.565] (==) intel(0): TearFree disabled
[    58.565] (==) intel(0): Using gamma correction (1.0, 1.0, 1.0)
[    58.565] (==) intel(0): DPI set to (96, 96)
[    58.565] (II) Loading sub module "dri3"
[    58.565] (II) LoadModule: "dri3"
[    58.565] (II) Module "dri3" already built-in
[    58.565] (II) Loading sub module "dri2"
[    58.565] (II) LoadModule: "dri2"
[    58.565] (II) Module "dri2" already built-in
[    58.565] (II) Loading sub module "present"
[    58.565] (II) LoadModule: "present"
[    58.565] (II) Module "present" already built-in
[    58.565] (II) UnloadModule: "modesetting"
[    58.565] (II) Unloading modesetting
[    58.566] (II) UnloadModule: "vesa"
[    58.566] (II) Unloading vesa
[    58.584] (II) intel(0): SNA initialized with Haswell (gen7.5, gt2) backend
[    58.584] (==) intel(0): Backing store enabled
[    58.584] (==) intel(0): Silken mouse disabled
[    58.584] (II) intel(0): HW Cursor enabled
[    58.591] (==) intel(0): DPMS enabled
[    58.591] (==) intel(0): Display hotplug detection enabled
[    58.591] (II) intel(0): [DRI2] Setup complete
[    58.592] (II) intel(0): [DRI2]   DRI driver: i965
[    58.592] (II) intel(0): [DRI2]   VDPAU driver: va_gl
[    58.592] (II) intel(0): direct rendering: DRI2 DRI3 enabled
[    58.592] (II) intel(0): hardware support for Present enabled
[    58.592] (II) Initializing extension Generic Event Extension
[    58.592] (II) Initializing extension SHAPE
[    58.592] (II) Initializing extension MIT-SHM
[    58.592] (II) Initializing extension XInputExtension
[    58.592] (II) Initializing extension XTEST
[    58.592] (II) Initializing extension BIG-REQUESTS
[    58.592] (II) Initializing extension SYNC
[    58.592] (II) Initializing extension XKEYBOARD
[    58.598] (II) Initializing extension XC-MISC
[    58.598] (II) Initializing extension SECURITY
[    58.598] (II) Initializing extension XFIXES
[    58.598] (II) Initializing extension RENDER
[    58.598] (II) Initializing extension RANDR
[    58.598] (II) Initializing extension COMPOSITE
[    58.598] (II) Initializing extension DAMAGE
[    58.598] (II) Initializing extension MIT-SCREEN-SAVER
[    58.598] (II) Initializing extension DOUBLE-BUFFER
[    58.598] (II) Initializing extension RECORD
[    58.598] (II) Initializing extension DPMS
[    58.598] (II) Initializing extension Present
[    58.598] (II) Initializing extension DRI3
[    58.598] (II) Initializing extension X-Resource
[    58.598] (II) Initializing extension XVideo
[    58.598] (II) Initializing extension XVideo-MotionCompensation
[    58.598] (II) Initializing extension GLX
[    58.943] (II) AIGLX: Loaded and initialized i965
[    58.943] (II) GLX: Initialized DRI2 GL provider for screen 0
[    58.943] (II) Initializing extension XFree86-VidModeExtension
[    58.943] (II) Initializing extension XFree86-DGA
[    58.943] (II) Initializing extension XFree86-DRI
[    58.943] (II) Initializing extension DRI2
[    58.963] (II) intel(0): switch to mode 1366x768@60.0 on eDP1 using pipe 0, position (0, 0), rotation normal, reflection none
[    58.972] (II) intel(0): Setting screen physical size to 361 x 203
[    59.328] (II) config/udev: Adding input device Power Button (/dev/input/event2)
[    59.328] (**) Power Button: Applying InputClass "libinput keyboard catchall"
[    59.328] (**) Power Button: Applying InputClass "system-keyboard"
[    59.328] (II) LoadModule: "libinput"
[    59.328] (II) Loading /usr/lib/xorg/modules/input/libinput_drv.so
[    59.369] (II) Module libinput: vendor="X.Org Foundation"
[    59.370] 	compiled for 1.20.8, module version = 0.30.0
[    59.370] 	Module class: X.Org XInput Driver
[    59.370] 	ABI class: X.Org XInput driver, version 24.1
[    59.370] (II) Using input driver 'libinput' for 'Power Button'
[    59.371] (II) systemd-logind: got fd for /dev/input/event2 13:66 fd 16 paused 0
[    59.371] (**) Power Button: always reports core events
[    59.371] (**) Option "Device" "/dev/input/event2"
[    59.371] (**) Option "_source" "server/udev"
[    59.412] (II) event2  - Power Button: is tagged by udev as: Keyboard
[    59.413] (II) event2  - Power Button: device is a keyboard
[    59.413] (II) event2  - Power Button: device removed
[    59.413] (**) Option "config_info" "udev:/sys/devices/LNXSYSTM:00/LNXPWRBN:00/input/input2/event2"
[    59.413] (II) XINPUT: Adding extended input device "Power Button" (type: KEYBOARD, id 6)
[    59.413] (**) Option "xkb_model" "pc105"
[    59.413] (**) Option "xkb_layout" "fr,ar"
[    59.413] (**) Option "xkb_variant" "azerty"
[    59.413] (**) Option "xkb_options" "grp:ctrl_shift_toggle"
[    59.463] (II) event2  - Power Button: is tagged by udev as: Keyboard
[    59.464] (II) event2  - Power Button: device is a keyboard
[    59.464] (II) config/udev: Adding input device Video Bus (/dev/input/event13)
[    59.464] (**) Video Bus: Applying InputClass "libinput keyboard catchall"
[    59.464] (**) Video Bus: Applying InputClass "system-keyboard"
[    59.464] (II) Using input driver 'libinput' for 'Video Bus'
[    59.466] (II) systemd-logind: got fd for /dev/input/event13 13:77 fd 19 paused 0
[    59.466] (**) Video Bus: always reports core events
[    59.466] (**) Option "Device" "/dev/input/event13"
[    59.466] (**) Option "_source" "server/udev"
[    59.467] (II) event13 - Video Bus: is tagged by udev as: Keyboard
[    59.467] (II) event13 - Video Bus: device is a keyboard
[    59.467] (II) event13 - Video Bus: device removed
[    59.467] (**) Option "config_info" "udev:/sys/devices/LNXSYSTM:00/LNXSYBUS:00/PNP0A08:00/LNXVIDEO:00/input/input15/event13"
[    59.467] (II) XINPUT: Adding extended input device "Video Bus" (type: KEYBOARD, id 7)
[    59.467] (**) Option "xkb_model" "pc105"
[    59.468] (**) Option "xkb_layout" "fr,ar"
[    59.468] (**) Option "xkb_variant" "azerty"
[    59.468] (**) Option "xkb_options" "grp:ctrl_shift_toggle"
[    59.470] (II) event13 - Video Bus: is tagged by udev as: Keyboard
[    59.470] (II) event13 - Video Bus: device is a keyboard
[    59.471] (II) config/udev: Adding input device Power Button (/dev/input/event0)
[    59.471] (**) Power Button: Applying InputClass "libinput keyboard catchall"
[    59.471] (**) Power Button: Applying InputClass "system-keyboard"
[    59.471] (II) Using input driver 'libinput' for 'Power Button'
[    59.472] (II) systemd-logind: got fd for /dev/input/event0 13:64 fd 20 paused 0
[    59.472] (**) Power Button: always reports core events
[    59.472] (**) Option "Device" "/dev/input/event0"
[    59.472] (**) Option "_source" "server/udev"
[    59.474] (II) event0  - Power Button: is tagged by udev as: Keyboard
[    59.474] (II) event0  - Power Button: device is a keyboard
[    59.474] (II) event0  - Power Button: device removed
[    59.474] (**) Option "config_info" "udev:/sys/devices/LNXSYSTM:00/LNXSYBUS:00/PNP0A08:00/device:01/PNP0C0C:00/input/input0/event0"
[    59.474] (II) XINPUT: Adding extended input device "Power Button" (type: KEYBOARD, id 8)
[    59.474] (**) Option "xkb_model" "pc105"
[    59.474] (**) Option "xkb_layout" "fr,ar"
[    59.474] (**) Option "xkb_variant" "azerty"
[    59.474] (**) Option "xkb_options" "grp:ctrl_shift_toggle"
[    59.476] (II) event0  - Power Button: is tagged by udev as: Keyboard
[    59.476] (II) event0  - Power Button: device is a keyboard
[    59.477] (II) config/udev: Adding input device Lid Switch (/dev/input/event1)
[    59.477] (II) No input driver specified, ignoring this device.
[    59.477] (II) This device may have been added with another device file.
[    59.478] (II) config/udev: Adding input device HDA Intel HDMI HDMI/DP,pcm=3 (/dev/input/event16)
[    59.478] (II) No input driver specified, ignoring this device.
[    59.478] (II) This device may have been added with another device file.
[    59.479] (II) config/udev: Adding input device HDA Intel HDMI HDMI/DP,pcm=7 (/dev/input/event17)
[    59.479] (II) No input driver specified, ignoring this device.
[    59.479] (II) This device may have been added with another device file.
[    59.480] (II) config/udev: Adding input device HDA Intel HDMI HDMI/DP,pcm=8 (/dev/input/event18)
[    59.480] (II) No input driver specified, ignoring this device.
[    59.480] (II) This device may have been added with another device file.
[    59.480] (II) config/udev: Adding input device HDA Intel HDMI HDMI/DP,pcm=9 (/dev/input/event19)
[    59.480] (II) No input driver specified, ignoring this device.
[    59.480] (II) This device may have been added with another device file.
[    59.481] (II) config/udev: Adding input device HDA Intel HDMI HDMI/DP,pcm=10 (/dev/input/event20)
[    59.481] (II) No input driver specified, ignoring this device.
[    59.481] (II) This device may have been added with another device file.
[    59.482] (II) config/udev: Adding input device USB USB Keyboard (/dev/input/event4)
[    59.482] (**) USB USB Keyboard: Applying InputClass "libinput keyboard catchall"
[    59.482] (**) USB USB Keyboard: Applying InputClass "system-keyboard"
[    59.482] (II) Using input driver 'libinput' for 'USB USB Keyboard'
[    59.483] (II) systemd-logind: got fd for /dev/input/event4 13:68 fd 21 paused 0
[    59.483] (**) USB USB Keyboard: always reports core events
[    59.483] (**) Option "Device" "/dev/input/event4"
[    59.483] (**) Option "_source" "server/udev"
[    59.485] (II) event4  - USB USB Keyboard: is tagged by udev as: Keyboard
[    59.485] (II) event4  - USB USB Keyboard: device is a keyboard
[    59.486] (II) event4  - USB USB Keyboard: device removed
[    59.486] (**) Option "config_info" "udev:/sys/devices/pci0000:00/0000:00:14.0/usb2/2-1/2-1:1.0/0003:1A2C:0C23.0001/input/input5/event4"
[    59.486] (II) XINPUT: Adding extended input device "USB USB Keyboard" (type: KEYBOARD, id 9)
[    59.486] (**) Option "xkb_model" "pc105"
[    59.486] (**) Option "xkb_layout" "fr,ar"
[    59.486] (**) Option "xkb_variant" "azerty"
[    59.486] (**) Option "xkb_options" "grp:ctrl_shift_toggle"
[    59.488] (II) event4  - USB USB Keyboard: is tagged by udev as: Keyboard
[    59.488] (II) event4  - USB USB Keyboard: device is a keyboard
[    59.490] (II) config/udev: Adding input device USB USB Keyboard Consumer Control (/dev/input/event5)
[    59.490] (**) USB USB Keyboard Consumer Control: Applying InputClass "libinput keyboard catchall"
[    59.490] (**) USB USB Keyboard Consumer Control: Applying InputClass "system-keyboard"
[    59.490] (II) Using input driver 'libinput' for 'USB USB Keyboard Consumer Control'
[    59.491] (II) systemd-logind: got fd for /dev/input/event5 13:69 fd 22 paused 0
[    59.491] (**) USB USB Keyboard Consumer Control: always reports core events
[    59.491] (**) Option "Device" "/dev/input/event5"
[    59.491] (**) Option "_source" "server/udev"
[    59.493] (II) event5  - USB USB Keyboard Consumer Control: is tagged by udev as: Keyboard
[    59.494] (II) event5  - USB USB Keyboard Consumer Control: device is a keyboard
[    59.494] (II) event5  - USB USB Keyboard Consumer Control: device removed
[    59.494] (II) libinput: USB USB Keyboard Consumer Control: needs a virtual subdevice
[    59.494] (**) Option "config_info" "udev:/sys/devices/pci0000:00/0000:00:14.0/usb2/2-1/2-1:1.1/0003:1A2C:0C23.0002/input/input6/event5"
[    59.494] (II) XINPUT: Adding extended input device "USB USB Keyboard Consumer Control" (type: MOUSE, id 10)
[    59.494] (**) Option "AccelerationScheme" "none"
[    59.494] (**) USB USB Keyboard Consumer Control: (accel) selected scheme none/0
[    59.494] (**) USB USB Keyboard Consumer Control: (accel) acceleration factor: 2.000
[    59.494] (**) USB USB Keyboard Consumer Control: (accel) acceleration threshold: 4
[    59.496] (II) event5  - USB USB Keyboard Consumer Control: is tagged by udev as: Keyboard
[    59.496] (II) event5  - USB USB Keyboard Consumer Control: device is a keyboard
[    59.498] (II) config/udev: Adding input device USB USB Keyboard System Control (/dev/input/event6)
[    59.498] (**) USB USB Keyboard System Control: Applying InputClass "libinput keyboard catchall"
[    59.498] (**) USB USB Keyboard System Control: Applying InputClass "system-keyboard"
[    59.498] (II) Using input driver 'libinput' for 'USB USB Keyboard System Control'
[    59.499] (II) systemd-logind: got fd for /dev/input/event6 13:70 fd 23 paused 0
[    59.499] (**) USB USB Keyboard System Control: always reports core events
[    59.499] (**) Option "Device" "/dev/input/event6"
[    59.499] (**) Option "_source" "server/udev"
[    59.501] (II) event6  - USB USB Keyboard System Control: is tagged by udev as: Keyboard
[    59.501] (II) event6  - USB USB Keyboard System Control: device is a keyboard
[    59.502] (II) event6  - USB USB Keyboard System Control: device removed
[    59.502] (**) Option "config_info" "udev:/sys/devices/pci0000:00/0000:00:14.0/usb2/2-1/2-1:1.1/0003:1A2C:0C23.0002/input/input7/event6"
[    59.502] (II) XINPUT: Adding extended input device "USB USB Keyboard System Control" (type: KEYBOARD, id 11)
[    59.502] (**) Option "xkb_model" "pc105"
[    59.502] (**) Option "xkb_layout" "fr,ar"
[    59.502] (**) Option "xkb_variant" "azerty"
[    59.502] (**) Option "xkb_options" "grp:ctrl_shift_toggle"
[    59.504] (II) event6  - USB USB Keyboard System Control: is tagged by udev as: Keyboard
[    59.504] (II) event6  - USB USB Keyboard System Control: device is a keyboard
[    59.506] (II) config/udev: Adding input device  USB OPTICAL MOUSE (/dev/input/event7)
[    59.506] (**)  USB OPTICAL MOUSE: Applying InputClass "libinput pointer catchall"
[    59.506] (II) Using input driver 'libinput' for ' USB OPTICAL MOUSE'
[    59.561] (II) systemd-logind: got fd for /dev/input/event7 13:71 fd 24 paused 0
[    59.561] (**)  USB OPTICAL MOUSE: always reports core events
[    59.561] (**) Option "Device" "/dev/input/event7"
[    59.561] (**) Option "_source" "server/udev"
[    59.564] (II) event7  -  USB OPTICAL MOUSE: is tagged by udev as: Mouse
[    59.564] (II) event7  -  USB OPTICAL MOUSE: device is a pointer
[    59.564] (II) event7  -  USB OPTICAL MOUSE: device removed
[    59.564] (**) Option "config_info" "udev:/sys/devices/pci0000:00/0000:00:14.0/usb2/2-2/2-2:1.0/0003:0000:0538.0003/input/input8/event7"
[    59.564] (II) XINPUT: Adding extended input device " USB OPTICAL MOUSE" (type: MOUSE, id 12)
[    59.564] (**) Option "AccelerationScheme" "none"
[    59.564] (**)  USB OPTICAL MOUSE: (accel) selected scheme none/0
[    59.564] (**)  USB OPTICAL MOUSE: (accel) acceleration factor: 2.000
[    59.564] (**)  USB OPTICAL MOUSE: (accel) acceleration threshold: 4
[    59.568] (II) event7  -  USB OPTICAL MOUSE: is tagged by udev as: Mouse
[    59.568] (II) event7  -  USB OPTICAL MOUSE: device is a pointer
[    59.570] (II) config/udev: Adding input device  USB OPTICAL MOUSE (/dev/input/mouse0)
[    59.570] (II) No input driver specified, ignoring this device.
[    59.570] (II) This device may have been added with another device file.
[    59.571] (II) config/udev: Adding input device Lenovo EasyCamera: Lenovo EasyC (/dev/input/event14)
[    59.571] (**) Lenovo EasyCamera: Lenovo EasyC: Applying InputClass "libinput keyboard catchall"
[    59.571] (**) Lenovo EasyCamera: Lenovo EasyC: Applying InputClass "system-keyboard"
[    59.571] (II) Using input driver 'libinput' for 'Lenovo EasyCamera: Lenovo EasyC'
[    59.573] (II) systemd-logind: got fd for /dev/input/event14 13:78 fd 25 paused 0
[    59.573] (**) Lenovo EasyCamera: Lenovo EasyC: always reports core events
[    59.573] (**) Option "Device" "/dev/input/event14"
[    59.573] (**) Option "_source" "server/udev"
[    59.575] (II) event14 - Lenovo EasyCamera: Lenovo EasyC: is tagged by udev as: Keyboard
[    59.576] (II) event14 - Lenovo EasyCamera: Lenovo EasyC: device is a keyboard
[    59.576] (II) event14 - Lenovo EasyCamera: Lenovo EasyC: device removed
[    59.576] (**) Option "config_info" "udev:/sys/devices/pci0000:00/0000:00:14.0/usb2/2-6/2-6:1.0/input/input16/event14"
[    59.576] (II) XINPUT: Adding extended input device "Lenovo EasyCamera: Lenovo EasyC" (type: KEYBOARD, id 13)
[    59.576] (**) Option "xkb_model" "pc105"
[    59.576] (**) Option "xkb_layout" "fr,ar"
[    59.576] (**) Option "xkb_variant" "azerty"
[    59.576] (**) Option "xkb_options" "grp:ctrl_shift_toggle"
[    59.578] (II) event14 - Lenovo EasyCamera: Lenovo EasyC: is tagged by udev as: Keyboard
[    59.578] (II) event14 - Lenovo EasyCamera: Lenovo EasyC: device is a keyboard
[    59.579] (II) config/udev: Adding input device HDA Digital PCBeep (/dev/input/event10)
[    59.579] (II) No input driver specified, ignoring this device.
[    59.579] (II) This device may have been added with another device file.
[    59.579] (II) config/udev: Adding input device HDA Intel PCH Mic (/dev/input/event11)
[    59.579] (II) No input driver specified, ignoring this device.
[    59.579] (II) This device may have been added with another device file.
[    59.580] (II) config/udev: Adding input device HDA Intel PCH Headphone (/dev/input/event12)
[    59.580] (II) No input driver specified, ignoring this device.
[    59.580] (II) This device may have been added with another device file.
[    59.581] (II) config/udev: Adding input device Ideapad extra buttons (/dev/input/event8)
[    59.581] (**) Ideapad extra buttons: Applying InputClass "libinput keyboard catchall"
[    59.581] (**) Ideapad extra buttons: Applying InputClass "system-keyboard"
[    59.581] (II) Using input driver 'libinput' for 'Ideapad extra buttons'
[    59.582] (II) systemd-logind: got fd for /dev/input/event8 13:72 fd 26 paused 0
[    59.582] (**) Ideapad extra buttons: always reports core events
[    59.582] (**) Option "Device" "/dev/input/event8"
[    59.582] (**) Option "_source" "server/udev"
[    59.583] (II) event8  - Ideapad extra buttons: is tagged by udev as: Keyboard
[    59.583] (II) event8  - Ideapad extra buttons: device is a keyboard
[    59.584] (II) event8  - Ideapad extra buttons: device removed
[    59.584] (**) Option "config_info" "udev:/sys/devices/pci0000:00/0000:00:1f.0/PNP0C09:00/VPC2004:00/input/input9/event8"
[    59.584] (II) XINPUT: Adding extended input device "Ideapad extra buttons" (type: KEYBOARD, id 14)
[    59.584] (**) Option "xkb_model" "pc105"
[    59.584] (**) Option "xkb_layout" "fr,ar"
[    59.584] (**) Option "xkb_variant" "azerty"
[    59.584] (**) Option "xkb_options" "grp:ctrl_shift_toggle"
[    59.585] (II) event8  - Ideapad extra buttons: is tagged by udev as: Keyboard
[    59.585] (II) event8  - Ideapad extra buttons: device is a keyboard
[    59.586] (II) config/udev: Adding input device AT Translated Set 2 keyboard (/dev/input/event3)
[    59.586] (**) AT Translated Set 2 keyboard: Applying InputClass "libinput keyboard catchall"
[    59.586] (**) AT Translated Set 2 keyboard: Applying InputClass "system-keyboard"
[    59.586] (II) Using input driver 'libinput' for 'AT Translated Set 2 keyboard'
[    59.587] (II) systemd-logind: got fd for /dev/input/event3 13:67 fd 27 paused 0
[    59.588] (**) AT Translated Set 2 keyboard: always reports core events
[    59.588] (**) Option "Device" "/dev/input/event3"
[    59.588] (**) Option "_source" "server/udev"
[    59.589] (II) event3  - AT Translated Set 2 keyboard: is tagged by udev as: Keyboard
[    59.589] (II) event3  - AT Translated Set 2 keyboard: device is a keyboard
[    59.590] (II) event3  - AT Translated Set 2 keyboard: device removed
[    59.590] (**) Option "config_info" "udev:/sys/devices/platform/i8042/serio0/input/input3/event3"
[    59.590] (II) XINPUT: Adding extended input device "AT Translated Set 2 keyboard" (type: KEYBOARD, id 15)
[    59.590] (**) Option "xkb_model" "pc105"
[    59.590] (**) Option "xkb_layout" "fr,ar"
[    59.590] (**) Option "xkb_variant" "azerty"
[    59.590] (**) Option "xkb_options" "grp:ctrl_shift_toggle"
[    59.592] (II) event3  - AT Translated Set 2 keyboard: is tagged by udev as: Keyboard
[    59.592] (II) event3  - AT Translated Set 2 keyboard: device is a keyboard
[    59.594] (II) config/udev: Adding input device ETPS/2 Elantech Touchpad (/dev/input/event15)
[    59.594] (**) ETPS/2 Elantech Touchpad: Applying InputClass "libinput touchpad catchall"
[    59.594] (**) ETPS/2 Elantech Touchpad: Applying InputClass "touchpad"
[    59.594] (II) Using input driver 'libinput' for 'ETPS/2 Elantech Touchpad'
[    59.595] (II) systemd-logind: got fd for /dev/input/event15 13:79 fd 28 paused 0
[    59.595] (**) ETPS/2 Elantech Touchpad: always reports core events
[    59.595] (**) Option "Device" "/dev/input/event15"
[    59.595] (**) Option "_source" "server/udev"
[    59.597] (II) event15 - ETPS/2 Elantech Touchpad: is tagged by udev as: Touchpad
[    59.598] (II) event15 - ETPS/2 Elantech Touchpad: device is a touchpad
[    59.598] (II) event15 - ETPS/2 Elantech Touchpad: device removed
[    59.598] (**) Option "Tapping" "on"
[    59.599] (**) Option "TappingButtonMap" "lrm"
[    59.599] (**) Option "NaturalScrolling" "on"
[    59.599] (**) Option "ScrollMethod" "twofinger"
[    59.599] (**) Option "config_info" "udev:/sys/devices/platform/i8042/serio1/input/input12/event15"
[    59.599] (II) XINPUT: Adding extended input device "ETPS/2 Elantech Touchpad" (type: TOUCHPAD, id 16)
[    59.600] (**) Option "AccelerationScheme" "none"
[    59.600] (**) ETPS/2 Elantech Touchpad: (accel) selected scheme none/0
[    59.600] (**) ETPS/2 Elantech Touchpad: (accel) acceleration factor: 2.000
[    59.600] (**) ETPS/2 Elantech Touchpad: (accel) acceleration threshold: 4
[    59.601] (II) event15 - ETPS/2 Elantech Touchpad: is tagged by udev as: Touchpad
[    59.603] (II) event15 - ETPS/2 Elantech Touchpad: device is a touchpad
[    59.604] (II) config/udev: Adding input device ETPS/2 Elantech Touchpad (/dev/input/mouse1)
[    59.604] (**) ETPS/2 Elantech Touchpad: Applying InputClass "touchpad"
[    59.604] (II) Using input driver 'libinput' for 'ETPS/2 Elantech Touchpad'
[    59.604] (**) ETPS/2 Elantech Touchpad: always reports core events
[    59.604] (**) Option "Device" "/dev/input/mouse1"
[    59.604] (**) Option "_source" "server/udev"
[    59.604] (EE) xf86OpenSerial: Cannot open device /dev/input/mouse1
	Permission denied.
[    59.604] (II) mouse1: opening input device '/dev/input/mouse1' failed (Permission denied).
[    59.604] (II) mouse1  - failed to create input device '/dev/input/mouse1'.
[    59.604] (EE) libinput: ETPS/2 Elantech Touchpad: Failed to create a device for /dev/input/mouse1
[    59.604] (EE) PreInit returned 2 for "ETPS/2 Elantech Touchpad"
[    59.604] (II) UnloadModule: "libinput"
[    59.605] (II) config/udev: Adding input device PC Speaker (/dev/input/event9)
[    59.605] (II) No input driver specified, ignoring this device.
[    59.605] (II) This device may have been added with another device file.
[    59.622] (**) USB USB Keyboard Consumer Control: Applying InputClass "libinput keyboard catchall"
[    59.622] (**) USB USB Keyboard Consumer Control: Applying InputClass "system-keyboard"
[    59.622] (II) Using input driver 'libinput' for 'USB USB Keyboard Consumer Control'
[    59.622] (II) systemd-logind: returning pre-existing fd for /dev/input/event5 13:69
[    59.622] (**) USB USB Keyboard Consumer Control: always reports core events
[    59.622] (**) Option "Device" "/dev/input/event5"
[    59.622] (**) Option "_source" "_driver/libinput"
[    59.623] (II) libinput: USB USB Keyboard Consumer Control: is a virtual subdevice
[    59.623] (**) Option "config_info" "udev:/sys/devices/pci0000:00/0000:00:14.0/usb2/2-1/2-1:1.1/0003:1A2C:0C23.0002/input/input6/event5"
[    59.623] (II) XINPUT: Adding extended input device "USB USB Keyboard Consumer Control" (type: KEYBOARD, id 17)
[    59.623] (**) Option "xkb_model" "pc105"
[    59.623] (**) Option "xkb_layout" "fr,ar"
[    59.623] (**) Option "xkb_variant" "azerty"
[    59.623] (**) Option "xkb_options" "grp:ctrl_shift_toggle"
[    60.592] (II) intel(0): EDID vendor "LGD", prod id 1081
[    60.592] (II) intel(0): Printing DDC gathered Modelines:
[    60.592] (II) intel(0): Modeline "1366x768"x0.0   76.30  1366 1414 1446 1610  768 771 776 790 -hsync -vsync (47.4 kHz eP)
[    69.991] (EE) event4  - USB USB Keyboard: client bug: event processing lagging behind by 40ms, your system is too slow
[   217.914] (EE) event4  - USB USB Keyboard: client bug: event processing lagging behind by 29ms, your system is too slow
[   289.199] (**) Option "fd" "16"
[   289.199] (II) event2  - Power Button: device removed
[   289.199] (**) Option "fd" "19"
[   289.200] (II) event13 - Video Bus: device removed
[   289.200] (**) Option "fd" "20"
[   289.200] (II) event0  - Power Button: device removed
[   289.200] (**) Option "fd" "21"
[   289.200] (II) event4  - USB USB Keyboard: device removed
[   289.200] (**) Option "fd" "22"
[   289.200] (**) Option "fd" "23"
[   289.200] (II) event6  - USB USB Keyboard System Control: device removed
[   289.200] (**) Option "fd" "24"
[   289.200] (II) event7  -  USB OPTICAL MOUSE: device removed
[   289.200] (**) Option "fd" "25"
[   289.200] (II) event14 - Lenovo EasyCamera: Lenovo EasyC: device removed
[   289.200] (**) Option "fd" "26"
[   289.200] (II) event8  - Ideapad extra buttons: device removed
[   289.200] (**) Option "fd" "27"
[   289.200] (II) event3  - AT Translated Set 2 keyboard: device removed
[   289.201] (**) Option "fd" "28"
[   289.201] (II) event15 - ETPS/2 Elantech Touchpad: device removed
[   289.201] (**) Option "fd" "22"
[   289.201] (II) event5  - USB USB Keyboard Consumer Control: device removed
[   289.201] (II) UnloadModule: "libinput"
[   289.201] (II) systemd-logind: not releasing fd for 13:69, still in use
[   289.202] (II) UnloadModule: "libinput"
[   289.202] (II) systemd-logind: releasing fd for 13:79
[   289.274] (II) UnloadModule: "libinput"
[   289.274] (II) systemd-logind: releasing fd for 13:67
[   289.314] (II) UnloadModule: "libinput"
[   289.314] (II) systemd-logind: releasing fd for 13:72
[   289.361] (II) UnloadModule: "libinput"
[   289.361] (II) systemd-logind: releasing fd for 13:78
[   289.407] (II) UnloadModule: "libinput"
[   289.408] (II) systemd-logind: releasing fd for 13:71
[   289.464] (II) UnloadModule: "libinput"
[   289.464] (II) systemd-logind: releasing fd for 13:70
[   289.492] (II) UnloadModule: "libinput"
[   289.492] (II) systemd-logind: releasing fd for 13:69
[   289.508] (II) UnloadModule: "libinput"
[   289.508] (II) systemd-logind: releasing fd for 13:68
[   289.541] (II) UnloadModule: "libinput"
[   289.541] (II) systemd-logind: releasing fd for 13:64
[   289.588] (II) UnloadModule: "libinput"
[   289.588] (II) systemd-logind: releasing fd for 13:77
[   289.643] (II) UnloadModule: "libinput"
[   289.643] (II) systemd-logind: releasing fd for 13:66
[   289.685] (WW) xf86CloseConsole: KDSETMODE failed: Input/output error
[   289.685] (WW) xf86CloseConsole: VT_GETMODE failed: Input/output error
[   289.685] (WW) xf86CloseConsole: VT_ACTIVATE failed: Input/output error
[   289.687] (II) Server terminated successfully (0). Closing log file.
